<?xml version="1.0" encoding="UTF-8"?>
<!-- Generated by org.testng.reporters.JUnitXMLReporter -->
<testsuite ignored="0" hostname="DESKTOP-UFD70GM" failures="1" tests="1" name="Default test" time="18.634" errors="0" timestamp="2025-11-25T00:49:19 IST">
  <testcase classname="io.cucumber.testng.AbstractTestNGCucumberTests" name="runScenario" time="15.969">
    <failure type="io.cucumber.testng.UndefinedStepException" message="The step &amp;apos;I add product ZARA COAT 3 from Cart&amp;apos; is undefined.
You can implement this step using the snippet(s) below:

@When(&amp;quot;I add product ZARA COAT {int} from Cart&amp;quot;)
public void i_add_product_zara_coat_from_cart(Integer int1) {
    // Write code here that turns the phrase above into concrete actions
    throw new io.cucumber.java.PendingException();
}
">
      <![CDATA[io.cucumber.testng.UndefinedStepException: The step 'I add product ZARA COAT 3 from Cart' is undefined.
You can implement this step using the snippet(s) below:

@When("I add product ZARA COAT {int} from Cart")
public void i_add_product_zara_coat_from_cart(Integer int1) {
    // Write code here that turns the phrase above into concrete actions
    throw new io.cucumber.java.PendingException();
}

at ✽.I add product ZARA COAT 3 from Cart(file:///C:/Users/HP/eclipse-workspace/seleniumtutorial/src/test/java/cucumber/PurchaseOrder.feature:12)
]]>
    </failure>
  </testcase> <!-- runScenario -->
</testsuite> <!-- Default test -->
