<?xml version="1.0" encoding="UTF-8"?>
<!-- Generated by org.testng.reporters.JUnitXMLReporter -->
<testsuite ignored="0" hostname="DESKTOP-UFD70GM" failures="1" tests="1" name="Submit order Test" time="46.738" errors="0" timestamp="2025-11-23T12:56:59 IST">
  <testcase classname="PageObjectModel.seleniumtutorial.StandAlone" name="standAl" time="11.232">
    <failure type="java.lang.NullPointerException" message="Cannot invoke &amp;quot;org.openqa.selenium.WebElement.findElement(org.openqa.selenium.By)&amp;quot; because &amp;quot;prod&amp;quot; is null">
      <![CDATA[java.lang.NullPointerException: Cannot invoke "org.openqa.selenium.WebElement.findElement(org.openqa.selenium.By)" because "prod" is null
at PageObjectModel.seleniumtutorial.productCatalogue.addProductToCart(productCatalogue.java:51)
at PageObjectModel.seleniumtutorial.StandAlone.standAl(StandAlone.java:29)
at java.base/java.util.ArrayList.forEach(ArrayList.java:1604)
at java.base/java.util.concurrent.FutureTask.run(FutureTask.java:328)
at java.base/java.util.concurrent.ThreadPoolExecutor.runWorker(ThreadPoolExecutor.java:1095)
at java.base/java.util.concurrent.ThreadPoolExecutor$Worker.run(ThreadPoolExecutor.java:619)
at java.base/java.lang.Thread.run(Thread.java:1447)
... Removed 15 stack frames]]>
    </failure>
  </testcase> <!-- standAl -->
</testsuite> <!-- Submit order Test -->
