<?xml version="1.0" encoding="UTF-8"?>
<!-- Generated by org.testng.reporters.JUnitReportReporter -->
<testsuite hostname="DESKTOP-UFD70GM" failures="0" tests="1" name="cucumber.TestNGTestRunner" time="15.969" errors="1" timestamp="2025-11-25T00:49:19 IST" skipped="0">
  <testcase classname="cucumber.TestNGTestRunner" name="runScenario" time="15.969">
    <error message="The step &#039;I add product ZARA COAT 3 from Cart&#039; is undefined.
You can implement this step using the snippet(s) below:

@When(&quot;I add product ZARA COAT {int} from Cart&quot;)
public void i_add_product_zara_coat_from_cart(Integer int1) {
    // Write code here that turns the phrase above into concrete actions
    throw new io.cucumber.java.PendingException();
}
" type="io.cucumber.testng.UndefinedStepException">
      <![CDATA[io.cucumber.testng.UndefinedStepException: The step 'I add product ZARA COAT 3 from Cart' is undefined.
You can implement this step using the snippet(s) below:

@When("I add product ZARA COAT {int} from Cart")
public void i_add_product_zara_coat_from_cart(Integer int1) {
    // Write code here that turns the phrase above into concrete actions
    throw new io.cucumber.java.PendingException();
}

at ✽.I add product ZARA COAT 3 from Cart(file:///C:/Users/HP/eclipse-workspace/seleniumtutorial/src/test/java/cucumber/PurchaseOrder.feature:12)
]]>
    </error>
  </testcase> <!-- runScenario -->
</testsuite> <!-- cucumber.TestNGTestRunner -->
